This is pdfTeX, Version 3.141592-1.40.3 (Web2C 7.5.6) (format=pdflatex 2008.1.25)  16 SEP 2009 15:56
entering extended mode
\write18 enabled.
**euler.tex
(./euler.tex
LaTeX2e <2005/12/01>
Babel <v3.8h> and hyphenation patterns for english, usenglishmax, dumylang, noh
yphenation, arabic, basque, bulgarian, coptic, welsh, czech, slovak, german, ng
erman, danish, esperanto, spanish, catalan, galician, estonian, farsi, finnish,
 french, greek, monogreek, ancientgreek, croatian, hungarian, interlingua, ibyc
us, indonesian, icelandic, italian, latin, mongolian, dutch, norsk, polish, por
tuguese, pinyin, romanian, russian, slovenian, uppersorbian, serbian, swedish, 
turkish, ukenglish, ukrainian, loaded.
UTK Thesis Style: Modified by David L. Page
(/usr/local/gwTeX/texmf.texlive/tex/latex/base/book.cls
Document Class: book 2005/09/16 v1.4f Standard LaTeX document class
(/usr/local/gwTeX/texmf.texlive/tex/latex/base/bk11.clo
File: bk11.clo 2005/09/16 v1.4f Standard LaTeX file (size option)
)
\c@part=\count79
\c@chapter=\count80
\c@section=\count81
\c@subsection=\count82
\c@subsubsection=\count83
\c@paragraph=\count84
\c@subparagraph=\count85
\c@figure=\count86
\c@table=\count87
\abovecaptionskip=\skip41
\belowcaptionskip=\skip42
\bibindent=\dimen102
)
(/usr/local/gwTeX/texmf.texlive/tex/latex/graphics/graphicx.sty
Package: graphicx 1999/02/16 v1.0f Enhanced LaTeX Graphics (DPC,SPQR)

(/usr/local/gwTeX/texmf.texlive/tex/latex/graphics/keyval.sty
Package: keyval 1999/03/16 v1.13 key=value parser (DPC)
\KV@toks@=\toks14
)
(/usr/local/gwTeX/texmf.texlive/tex/latex/graphics/graphics.sty
Package: graphics 2006/02/20 v1.0o Standard LaTeX Graphics (DPC,SPQR)

(/usr/local/gwTeX/texmf.texlive/tex/latex/graphics/trig.sty
Package: trig 1999/03/16 v1.09 sin cos tan (DPC)
)
(/usr/local/gwTeX/texmf.texlive/tex/latex/config/graphics.cfg
File: graphics.cfg 2007/01/18 v1.5 graphics configuration of teTeX/TeXLive
)
Package graphics Info: Driver file: pdftex.def on input line 90.

(/usr/local/gwTeX/texmf.texlive/tex/latex/pdftex-def/pdftex.def
File: pdftex.def 2007/01/08 v0.04d Graphics/color for pdfTeX
\Gread@gobject=\count88
))
\Gin@req@height=\dimen103
\Gin@req@width=\dimen104
)
(/usr/local/gwTeX/texmf.texlive/tex/latex/amsmath/amsmath.sty
Package: amsmath 2000/07/18 v2.13 AMS math features
\@mathmargin=\skip43

For additional information on amsmath, use the `?' option.
(/usr/local/gwTeX/texmf.texlive/tex/latex/amsmath/amstext.sty
Package: amstext 2000/06/29 v2.01

(/usr/local/gwTeX/texmf.texlive/tex/latex/amsmath/amsgen.sty
File: amsgen.sty 1999/11/30 v2.0
\@emptytoks=\toks15
\ex@=\dimen105
))
(/usr/local/gwTeX/texmf.texlive/tex/latex/amsmath/amsbsy.sty
Package: amsbsy 1999/11/29 v1.2d
\pmbraise@=\dimen106
)
(/usr/local/gwTeX/texmf.texlive/tex/latex/amsmath/amsopn.sty
Package: amsopn 1999/12/14 v2.01 operator names
)
\inf@bad=\count89
LaTeX Info: Redefining \frac on input line 211.
\uproot@=\count90
\leftroot@=\count91
LaTeX Info: Redefining \overline on input line 307.
\classnum@=\count92
\DOTSCASE@=\count93
LaTeX Info: Redefining \ldots on input line 379.
LaTeX Info: Redefining \dots on input line 382.
LaTeX Info: Redefining \cdots on input line 467.
\Mathstrutbox@=\box26
\strutbox@=\box27
\big@size=\dimen107
LaTeX Font Info:    Redeclaring font encoding OML on input line 567.
LaTeX Font Info:    Redeclaring font encoding OMS on input line 568.
\macc@depth=\count94
\c@MaxMatrixCols=\count95
\dotsspace@=\muskip10
\c@parentequation=\count96
\dspbrk@lvl=\count97
\tag@help=\toks16
\row@=\count98
\column@=\count99
\maxfields@=\count100
\andhelp@=\toks17
\eqnshift@=\dimen108
\alignsep@=\dimen109
\tagshift@=\dimen110
\tagwidth@=\dimen111
\totwidth@=\dimen112
\lineht@=\dimen113
\@envbody=\toks18
\multlinegap=\skip44
\multlinetaggap=\skip45
\mathdisplay@stack=\toks19
LaTeX Info: Redefining \[ on input line 2666.
LaTeX Info: Redefining \] on input line 2667.
)
(/usr/local/gwTeX/texmf.texlive/tex/latex/amsfonts/amssymb.sty
Package: amssymb 2002/01/22 v2.2d

(/usr/local/gwTeX/texmf.texlive/tex/latex/amsfonts/amsfonts.sty
Package: amsfonts 2001/10/25 v2.2f
\symAMSa=\mathgroup4
\symAMSb=\mathgroup5
LaTeX Font Info:    Overwriting math alphabet `\mathfrak' in version `bold'
(Font)                  U/euf/m/n --> U/euf/b/n on input line 132.
))
(/usr/local/gwTeX/texmf.texlive/tex/latex/fancyhdr/fancyhdr.sty
\fancy@headwidth=\skip46
\f@ncyO@elh=\skip47
\f@ncyO@erh=\skip48
\f@ncyO@olh=\skip49
\f@ncyO@orh=\skip50
\f@ncyO@elf=\skip51
\f@ncyO@erf=\skip52
\f@ncyO@olf=\skip53
\f@ncyO@orf=\skip54
)
(/usr/local/gwTeX/texmf.texlive/tex/latex/setspace/setspace.sty
Package: setspace 2000/12/01 6.7 Contributed and Supported LaTeX2e package

Package: `setspace' 6.7 <2000/12/01>
) (/usr/local/gwTeX/texmf.texlive/tex/latex/subfigure/subfigure.sty
Package: subfigure 2002/03/15 v2.1.5 subfigure package
\subfigtopskip=\skip55
\subfigcapskip=\skip56
\subfigcaptopadj=\dimen114
\subfigbottomskip=\skip57
\subfigcapmargin=\dimen115
\subfiglabelskip=\skip58
\c@subfigure=\count101
\c@lofdepth=\count102
\c@subtable=\count103
\c@lotdepth=\count104

****************************************
* Local config file subfigure.cfg used *
****************************************
(/usr/local/gwTeX/texmf.texlive/tex/latex/subfigure/subfigure.cfg)
\subfig@top=\skip59
\subfig@bottom=\skip60
)
(/usr/local/gwTeX/texmf.texlive/tex/latex/cite/cite.sty
LaTeX Info: Redefining \cite on input line 149.
LaTeX Info: Redefining \nocite on input line 214.
Package: cite 2003/11/04  v 4.01
)
(/usr/local/gwTeX/texmf.texlive/tex/latex/ltxmisc/url.sty
\Urlmuskip=\muskip11
Package: url 2005/06/27  ver 3.2  Verb mode for urls, etc.
)
(/usr/local/gwTeX/texmf.texlive/tex/latex/geometry/geometry.sty
Package: geometry 2002/07/08 v3.2 Page Geometry
\Gm@cnth=\count105
\Gm@cntv=\count106
\c@Gm@tempcnt=\count107
\Gm@bindingoffset=\dimen116
\Gm@wd@mp=\dimen117
\Gm@odd@mp=\dimen118
\Gm@even@mp=\dimen119
\Gm@dimlist=\toks20

(/usr/local/gwTeX/texmf.texlive/tex/xelatex/xetexconfig/geometry.cfg))

LaTeX Warning: Unused global option(s):
    [pdf].

(./euler.aux)
\openout1 = `euler.aux'.

LaTeX Font Info:    Checking defaults for OML/cmm/m/it on input line 110.
LaTeX Font Info:    ... okay on input line 110.
LaTeX Font Info:    Checking defaults for T1/cmr/m/n on input line 110.
LaTeX Font Info:    ... okay on input line 110.
LaTeX Font Info:    Checking defaults for OT1/cmr/m/n on input line 110.
LaTeX Font Info:    ... okay on input line 110.
LaTeX Font Info:    Checking defaults for OMS/cmsy/m/n on input line 110.
LaTeX Font Info:    ... okay on input line 110.
LaTeX Font Info:    Checking defaults for OMX/cmex/m/n on input line 110.
LaTeX Font Info:    ... okay on input line 110.
LaTeX Font Info:    Checking defaults for U/cmr/m/n on input line 110.
LaTeX Font Info:    ... okay on input line 110.
 (/usr/local/gwTeX/texmf.texlive/tex/context/base/supp-pdf.tex
[Loading MPS to PDF converter (version 2006.09.02).]
\scratchcounter=\count108
\scratchdimen=\dimen120
\scratchbox=\box28
\nofMPsegments=\count109
\nofMParguments=\count110
\MPscratchCnt=\count111
\MPscratchDim=\dimen121
\MPnumerator=\count112
\everyMPtoPDFconversion=\toks21
)
-------------------- Geometry parameters
paper: letterpaper
landscape: --
twocolumn: --
twoside: true
asymmetric: --
h-parts: 108.405pt, 433.62001pt, 72.26999pt
v-parts: 72.26999pt, 650.43001pt, 72.26999pt
hmarginratio: --
vmarginratio: --
lines: --
heightrounded: --
bindingoffset: 0.0pt
truedimen: --
includehead: --
includefoot: --
includemp: --
driver: pdftex
-------------------- Page layout dimensions and switches
\paperwidth  614.295pt
\paperheight 794.96999pt
\textwidth  433.62001pt
\textheight 650.43001pt
\oddsidemargin  36.13501pt
\evensidemargin 0.0pt
\topmargin  -31.8738pt
\headheight 12.0pt
\headsep    19.8738pt
\footskip   27.46295pt
\marginparwidth 116.0pt
\marginparsep   7.0pt
\columnsep  10.0pt
\skip\footins  10.0pt plus 4.0pt minus 2.0pt
\hoffset 0.0pt
\voffset 0.0pt
\mag 1000
\@twosidetrue \@mparswitchtrue 
(1in=72.27pt, 1cm=28.45pt)
-----------------------
LaTeX Font Info:    Try loading font information for U+msa on input line 112.
 (/usr/local/gwTeX/texmf.texlive/tex/latex/amsfonts/umsa.fd
File: umsa.fd 2002/01/19 v2.2g AMS font definitions
)
LaTeX Font Info:    Try loading font information for U+msb on input line 112.

(/usr/local/gwTeX/texmf.texlive/tex/latex/amsfonts/umsb.fd
File: umsb.fd 2002/01/19 v2.2g AMS font definitions
) [1



{/usr/local/gwTeX/texmf.local/fonts/map/pdftex/updmap/pdftex.map}] [1] [2] [3] 
[4] [5]
<figs/mediandual.png, id=34, 798.985pt x 693.59125pt>
File: figs/mediandual.png Graphic file (type png)

<use figs/mediandual.png>

LaTeX Warning: `h' float specifier changed to `ht'.

[6] [7] <figs/RMSiterative.pdf, id=44, 794.97pt x 614.295pt>
File: figs/RMSiterative.pdf Graphic file (type pdf)

<use figs/RMSiterative.pdf>

LaTeX Warning: `h' float specifier changed to `ht'.

<figs/RMScT.pdf, id=45, 794.97pt x 614.295pt>
File: figs/RMScT.pdf Graphic file (type pdf)
 <use figs/RMScT.pdf>

LaTeX Warning: `h' float specifier changed to `ht'.

[8] <figs/Cp2.pdf, id=49, 794.97pt x 614.295pt>
File: figs/Cp2.pdf Graphic file (type pdf)
 <use figs/Cp2.pdf>

LaTeX Warning: `h' float specifier changed to `ht'.

<figs/rho.pdf, id=50, 794.97pt x 614.295pt>
File: figs/rho.pdf Graphic file (type pdf)
 <use figs/rho.pdf>

LaTeX Warning: `h' float specifier changed to `ht'.

(./euler.bbl [9] [10 <./figs/mediandual.png (PNG copy)>] [11 <./figs/RMSiterati
ve.pdf, page is rotated 90 degrees>] [12 <./figs/RMScT.pdf, page is rotated 90 
degrees>] [13 <./figs/Cp2.pdf, page is rotated 90 degrees>] [14 <./figs/rho.pdf
, page is rotated 90 degrees>]) [15


] (./euler.aux) ) 
Here is how much of TeX's memory you used:
 2622 strings out of 94073
 32623 string characters out of 1163505
 2082890 words of memory out of 4534086
 5880 multiletter control sequences out of 10000+50000
 12174 words of font info for 46 fonts, out of 2000000 for 2000
 646 hyphenation exceptions out of 5000
 27i,10n,43p,983b,270s stack positions out of 5000i,500n,6000p,200000b,50000s
</usr/local/gwTeX/texmf.texlive/fonts/type1/bluesky/cm/cmbx10.
pfb></usr/local/gwTeX/texmf.texlive/fonts/type1/bluesky/cm/cmbx12.pfb></usr/loc
al/gwTeX/texmf.texlive/fonts/type1/bluesky/cm/cmex10.pfb></usr/local/gwTeX/texm
f.texlive/fonts/type1/bluesky/cm/cmmi10.pfb></usr/local/gwTeX/texmf.texlive/fon
ts/type1/bluesky/cm/cmmi6.pfb></usr/local/gwTeX/texmf.texlive/fonts/type1/blues
ky/cm/cmmi8.pfb></usr/local/gwTeX/texmf.texlive/fonts/type1/bluesky/cm/cmr10.pf
b></usr/local/gwTeX/texmf.texlive/fonts/type1/bluesky/cm/cmr12.pfb></usr/local/
gwTeX/texmf.texlive/fonts/type1/bluesky/cm/cmr17.pfb></usr/local/gwTeX/texmf.te
xlive/fonts/type1/bluesky/cm/cmr6.pfb></usr/local/gwTeX/texmf.texlive/fonts/typ
e1/bluesky/cm/cmr8.pfb></usr/local/gwTeX/texmf.texlive/fonts/type1/bluesky/cm/c
msy10.pfb></usr/local/gwTeX/texmf.texlive/fonts/type1/bluesky/cm/cmsy6.pfb></us
r/local/gwTeX/texmf.texlive/fonts/type1/bluesky/cm/cmsy8.pfb></usr/local/gwTeX/
texmf.texlive/fonts/type1/bluesky/cm/cmti10.pfb></usr/local/gwTeX/texmf.texlive
/fonts/type1/bluesky/cm/cmtt10.pfb>
Output written on euler.pdf (16 pages, 227289 bytes).
PDF statistics:
 144 PDF objects out of 1000 (max. 8388607)
 0 named destinations out of 1000 (max. 131072)
 26 words of extra memory for PDF output out of 10000 (max. 10000000)

